Determining if the pthread_create exist failed with the following output:
Change Dir: /home/terryl/git/robot-dog/lidar/ydlidar_ws/build/CMakeFiles/CMakeTmp

Run Build Command:"/usr/bin/make" "cmTC_d387c/fast"
/usr/bin/make -f CMakeFiles/cmTC_d387c.dir/build.make CMakeFiles/cmTC_d387c.dir/build
make[1]: Entering directory '/home/terryl/git/robot-dog/lidar/ydlidar_ws/build/CMakeFiles/CMakeTmp'
Building C object CMakeFiles/cmTC_d387c.dir/CheckSymbolExists.c.o
/usr/bin/cc    -o CMakeFiles/cmTC_d387c.dir/CheckSymbolExists.c.o   -c /home/terryl/git/robot-dog/lidar/ydlidar_ws/build/CMakeFiles/CMakeTmp/CheckSymbolExists.c
Linking C executable cmTC_d387c
/usr/bin/cmake -E cmake_link_script CMakeFiles/cmTC_d387c.dir/link.txt --verbose=1
/usr/bin/cc      -rdynamic CMakeFiles/cmTC_d387c.dir/CheckSymbolExists.c.o  -o cmTC_d387c 
CMakeFiles/cmTC_d387c.dir/CheckSymbolExists.c.o: In function `main':
CheckSymbolExists.c:(.text+0x1b): undefined reference to `pthread_create'
collect2: error: ld returned 1 exit status
CMakeFiles/cmTC_d387c.dir/build.make:97: recipe for target 'cmTC_d387c' failed
make[1]: *** [cmTC_d387c] Error 1
make[1]: Leaving directory '/home/terryl/git/robot-dog/lidar/ydlidar_ws/build/CMakeFiles/CMakeTmp'
Makefile:126: recipe for target 'cmTC_d387c/fast' failed
make: *** [cmTC_d387c/fast] Error 2

File /home/terryl/git/robot-dog/lidar/ydlidar_ws/build/CMakeFiles/CMakeTmp/CheckSymbolExists.c:
/* */
#include <pthread.h>

int main(int argc, char** argv)
{
  (void)argv;
#ifndef pthread_create
  return ((int*)(&pthread_create))[argc];
#else
  (void)argc;
  return 0;
#endif
}

Determining if the function pthread_create exists in the pthreads failed with the following output:
Change Dir: /home/terryl/git/robot-dog/lidar/ydlidar_ws/build/CMakeFiles/CMakeTmp

Run Build Command:"/usr/bin/make" "cmTC_7c2fa/fast"
/usr/bin/make -f CMakeFiles/cmTC_7c2fa.dir/build.make CMakeFiles/cmTC_7c2fa.dir/build
make[1]: Entering directory '/home/terryl/git/robot-dog/lidar/ydlidar_ws/build/CMakeFiles/CMakeTmp'
Building C object CMakeFiles/cmTC_7c2fa.dir/CheckFunctionExists.c.o
/usr/bin/cc   -DCHECK_FUNCTION_EXISTS=pthread_create   -o CMakeFiles/cmTC_7c2fa.dir/CheckFunctionExists.c.o   -c /usr/share/cmake-3.10/Modules/CheckFunctionExists.c
Linking C executable cmTC_7c2fa
/usr/bin/cmake -E cmake_link_script CMakeFiles/cmTC_7c2fa.dir/link.txt --verbose=1
/usr/bin/cc  -DCHECK_FUNCTION_EXISTS=pthread_create    -rdynamic CMakeFiles/cmTC_7c2fa.dir/CheckFunctionExists.c.o  -o cmTC_7c2fa -lpthreads 
/usr/bin/ld: cannot find -lpthreads
collect2: error: ld returned 1 exit status
CMakeFiles/cmTC_7c2fa.dir/build.make:97: recipe for target 'cmTC_7c2fa' failed
make[1]: *** [cmTC_7c2fa] Error 1
make[1]: Leaving directory '/home/terryl/git/robot-dog/lidar/ydlidar_ws/build/CMakeFiles/CMakeTmp'
Makefile:126: recipe for target 'cmTC_7c2fa/fast' failed
make: *** [cmTC_7c2fa/fast] Error 2


